{
  "0 debug pnpm:scope": {
    "selected": 1
  },
  "1 error pnpm": {
    "code": "ELIFECYCLE",
    "errno": "ENOENT",
    "syscall": "spawn",
    "file": "sh",
    "pkgid": "corelab-web-challenge@0.1.0",
    "stage": "start",
    "script": "react-scripts start",
    "pkgname": "corelab-web-challenge",
    "err": {
      "name": "pnpm",
      "message": "corelab-web-challenge@0.1.0 start: `react-scripts start`\nspawn ENOENT",
      "code": "ELIFECYCLE",
      "stack": "pnpm: corelab-web-challenge@0.1.0 start: `react-scripts start`\nspawn ENOENT\n    at ChildProcess.<anonymous> (/home/neto/.local/share/pnpm/global/5/.pnpm/pnpm@7.5.0/node_modules/pnpm/dist/pnpm.cjs:95169:22)\n    at ChildProcess.emit (node:events:527:28)\n    at maybeClose (node:internal/child_process:1092:16)\n    at Process.ChildProcess._handle.onexit (node:internal/child_process:302:5)"
    }
  },
  "2 warn pnpm:global": " Local package.json exists, but node_modules missing, did you mean to install?"
}